<?xml version="1.0" encoding="UTF-8"?>
<!-- Generated by org.testng.reporters.JUnitReportReporter -->
<testsuite skipped="0" hostname="manish-PC" name="com.crm.qa.testcases.TestClass" tests="1" failures="0" timestamp="09 Oct 2018 13:39:35 GMT" time="16.412" errors="0">
  <testcase name="test" time="16.412" classname="com.crm.qa.testcases.TestClass"/>
</testsuite> <!-- com.crm.qa.testcases.TestClass -->
